<?xml version="1.0" encoding="UTF-8"?>
<testsuite xmlns:xsi="http://www.w3.org/2001/XMLSchema-instance" xsi:noNamespaceSchemaLocation="https://maven.apache.org/surefire/maven-surefire-plugin/xsd/surefire-test-report.xsd" name="UntitledTest" time="2.907" tests="1" errors="1" skipped="0" failures="0">
  <properties>
    <property name="awt.toolkit" value="sun.awt.X11.XToolkit"/>
    <property name="file.encoding.pkg" value="sun.io"/>
    <property name="java.specification.version" value="1.8"/>
    <property name="sun.cpu.isalist" value=""/>
    <property name="sun.jnu.encoding" value="UTF-8"/>
    <property name="java.class.path" value="/home/rafael/Desktop/TQS/labs/lab3/ex4/seleniumTest/target/test-classes:/home/rafael/Desktop/TQS/labs/lab3/ex4/seleniumTest/target/classes:/home/rafael/.m2/repository/org/junit/jupiter/junit-jupiter-engine/5.7.1/junit-jupiter-engine-5.7.1.jar:/home/rafael/.m2/repository/org/apiguardian/apiguardian-api/1.1.0/apiguardian-api-1.1.0.jar:/home/rafael/.m2/repository/org/junit/platform/junit-platform-engine/1.7.1/junit-platform-engine-1.7.1.jar:/home/rafael/.m2/repository/org/junit/jupiter/junit-jupiter-api/5.7.1/junit-jupiter-api-5.7.1.jar:/home/rafael/.m2/repository/org/opentest4j/opentest4j/1.2.0/opentest4j-1.2.0.jar:/home/rafael/.m2/repository/org/junit/platform/junit-platform-commons/1.7.1/junit-platform-commons-1.7.1.jar:/home/rafael/.m2/repository/org/junit/vintage/junit-vintage-engine/5.7.1/junit-vintage-engine-5.7.1.jar:/home/rafael/.m2/repository/junit/junit/4.13/junit-4.13.jar:/home/rafael/.m2/repository/org/hamcrest/hamcrest-core/1.3/hamcrest-core-1.3.jar:/home/rafael/.m2/repository/org/seleniumhq/selenium/selenium-firefox-driver/3.141.59/selenium-firefox-driver-3.141.59.jar:/home/rafael/.m2/repository/org/seleniumhq/selenium/selenium-api/3.141.59/selenium-api-3.141.59.jar:/home/rafael/.m2/repository/org/seleniumhq/selenium/selenium-remote-driver/3.141.59/selenium-remote-driver-3.141.59.jar:/home/rafael/.m2/repository/net/bytebuddy/byte-buddy/1.8.15/byte-buddy-1.8.15.jar:/home/rafael/.m2/repository/org/apache/commons/commons-exec/1.3/commons-exec-1.3.jar:/home/rafael/.m2/repository/com/google/guava/guava/25.0-jre/guava-25.0-jre.jar:/home/rafael/.m2/repository/com/google/code/findbugs/jsr305/1.3.9/jsr305-1.3.9.jar:/home/rafael/.m2/repository/org/checkerframework/checker-compat-qual/2.0.0/checker-compat-qual-2.0.0.jar:/home/rafael/.m2/repository/com/google/errorprone/error_prone_annotations/2.1.3/error_prone_annotations-2.1.3.jar:/home/rafael/.m2/repository/com/google/j2objc/j2objc-annotations/1.1/j2objc-annotations-1.1.jar:/home/rafael/.m2/repository/org/codehaus/mojo/animal-sniffer-annotations/1.14/animal-sniffer-annotations-1.14.jar:/home/rafael/.m2/repository/com/squareup/okhttp3/okhttp/3.11.0/okhttp-3.11.0.jar:/home/rafael/.m2/repository/com/squareup/okio/okio/1.14.0/okio-1.14.0.jar:/home/rafael/.m2/repository/io/github/bonigarcia/selenium-jupiter/3.4.0/selenium-jupiter-3.4.0.jar:/home/rafael/.m2/repository/org/seleniumhq/selenium/selenium-java/3.141.59/selenium-java-3.141.59.jar:/home/rafael/.m2/repository/org/seleniumhq/selenium/selenium-chrome-driver/3.141.59/selenium-chrome-driver-3.141.59.jar:/home/rafael/.m2/repository/org/seleniumhq/selenium/selenium-edge-driver/3.141.59/selenium-edge-driver-3.141.59.jar:/home/rafael/.m2/repository/org/seleniumhq/selenium/selenium-ie-driver/3.141.59/selenium-ie-driver-3.141.59.jar:/home/rafael/.m2/repository/org/seleniumhq/selenium/selenium-opera-driver/3.141.59/selenium-opera-driver-3.141.59.jar:/home/rafael/.m2/repository/org/seleniumhq/selenium/selenium-safari-driver/3.141.59/selenium-safari-driver-3.141.59.jar:/home/rafael/.m2/repository/org/seleniumhq/selenium/selenium-support/3.141.59/selenium-support-3.141.59.jar:/home/rafael/.m2/repository/io/github/bonigarcia/webdrivermanager/4.3.1/webdrivermanager-4.3.1.jar:/home/rafael/.m2/repository/commons-io/commons-io/2.8.0/commons-io-2.8.0.jar:/home/rafael/.m2/repository/com/google/code/gson/gson/2.8.6/gson-2.8.6.jar:/home/rafael/.m2/repository/org/apache/commons/commons-lang3/3.11/commons-lang3-3.11.jar:/home/rafael/.m2/repository/org/apache/httpcomponents/client5/httpclient5/5.0.3/httpclient5-5.0.3.jar:/home/rafael/.m2/repository/org/apache/httpcomponents/core5/httpcore5/5.0.2/httpcore5-5.0.2.jar:/home/rafael/.m2/repository/org/apache/httpcomponents/core5/httpcore5-h2/5.0.2/httpcore5-h2-5.0.2.jar:/home/rafael/.m2/repository/commons-codec/commons-codec/1.13/commons-codec-1.13.jar:/home/rafael/.m2/repository/org/rauschig/jarchivelib/1.1.0/jarchivelib-1.1.0.jar:/home/rafael/.m2/repository/org/apache/commons/commons-compress/1.20/commons-compress-1.20.jar:/home/rafael/.m2/repository/org/jsoup/jsoup/1.13.1/jsoup-1.13.1.jar:/home/rafael/.m2/repository/io/appium/java-client/7.4.1/java-client-7.4.1.jar:/home/rafael/.m2/repository/org/apache/httpcomponents/httpclient/4.5.13/httpclient-4.5.13.jar:/home/rafael/.m2/repository/org/apache/httpcomponents/httpcore/4.4.13/httpcore-4.4.13.jar:/home/rafael/.m2/repository/commons-logging/commons-logging/1.2/commons-logging-1.2.jar:/home/rafael/.m2/repository/cglib/cglib/3.3.0/cglib-3.3.0.jar:/home/rafael/.m2/repository/org/ow2/asm/asm/7.1/asm-7.1.jar:/home/rafael/.m2/repository/commons-validator/commons-validator/1.7/commons-validator-1.7.jar:/home/rafael/.m2/repository/commons-beanutils/commons-beanutils/1.9.4/commons-beanutils-1.9.4.jar:/home/rafael/.m2/repository/commons-digester/commons-digester/2.1/commons-digester-2.1.jar:/home/rafael/.m2/repository/commons-collections/commons-collections/3.2.2/commons-collections-3.2.2.jar:/home/rafael/.m2/repository/org/springframework/spring-context/5.3.1/spring-context-5.3.1.jar:/home/rafael/.m2/repository/org/springframework/spring-aop/5.3.1/spring-aop-5.3.1.jar:/home/rafael/.m2/repository/org/springframework/spring-beans/5.3.1/spring-beans-5.3.1.jar:/home/rafael/.m2/repository/org/springframework/spring-core/5.3.1/spring-core-5.3.1.jar:/home/rafael/.m2/repository/org/springframework/spring-jcl/5.3.1/spring-jcl-5.3.1.jar:/home/rafael/.m2/repository/org/springframework/spring-expression/5.3.1/spring-expression-5.3.1.jar:/home/rafael/.m2/repository/org/aspectj/aspectjweaver/1.9.6/aspectjweaver-1.9.6.jar:/home/rafael/.m2/repository/com/github/docker-java/docker-java/3.2.7/docker-java-3.2.7.jar:/home/rafael/.m2/repository/com/github/docker-java/docker-java-core/3.2.7/docker-java-core-3.2.7.jar:/home/rafael/.m2/repository/com/github/docker-java/docker-java-api/3.2.7/docker-java-api-3.2.7.jar:/home/rafael/.m2/repository/com/fasterxml/jackson/core/jackson-annotations/2.10.3/jackson-annotations-2.10.3.jar:/home/rafael/.m2/repository/commons-lang/commons-lang/2.6/commons-lang-2.6.jar:/home/rafael/.m2/repository/com/fasterxml/jackson/core/jackson-databind/2.10.3/jackson-databind-2.10.3.jar:/home/rafael/.m2/repository/com/fasterxml/jackson/core/jackson-core/2.10.3/jackson-core-2.10.3.jar:/home/rafael/.m2/repository/org/bouncycastle/bcpkix-jdk15on/1.64/bcpkix-jdk15on-1.64.jar:/home/rafael/.m2/repository/org/bouncycastle/bcprov-jdk15on/1.64/bcprov-jdk15on-1.64.jar:/home/rafael/.m2/repository/org/slf4j/jcl-over-slf4j/1.7.30/jcl-over-slf4j-1.7.30.jar:/home/rafael/.m2/repository/org/awaitility/awaitility/4.0.1/awaitility-4.0.1.jar:/home/rafael/.m2/repository/org/hamcrest/hamcrest/2.1/hamcrest-2.1.jar:/home/rafael/.m2/repository/com/github/docker-java/docker-java-transport-httpclient5/3.2.7/docker-java-transport-httpclient5-3.2.7.jar:/home/rafael/.m2/repository/com/github/docker-java/docker-java-transport/3.2.7/docker-java-transport-3.2.7.jar:/home/rafael/.m2/repository/net/java/dev/jna/jna/5.5.0/jna-5.5.0.jar:/home/rafael/.m2/repository/com/codeborne/phantomjsdriver/1.4.4/phantomjsdriver-1.4.4.jar:/home/rafael/.m2/repository/com/codeborne/selenide/5.18.0/selenide-5.18.0.jar:/home/rafael/.m2/repository/org/seleniumhq/selenium/htmlunit-driver/2.46.0/htmlunit-driver-2.46.0.jar:/home/rafael/.m2/repository/net/sourceforge/htmlunit/htmlunit/2.46.0/htmlunit-2.46.0.jar:/home/rafael/.m2/repository/xalan/xalan/2.7.2/xalan-2.7.2.jar:/home/rafael/.m2/repository/xalan/serializer/2.7.2/serializer-2.7.2.jar:/home/rafael/.m2/repository/org/apache/commons/commons-text/1.9/commons-text-1.9.jar:/home/rafael/.m2/repository/org/apache/httpcomponents/httpmime/4.5.13/httpmime-4.5.13.jar:/home/rafael/.m2/repository/net/sourceforge/htmlunit/htmlunit-core-js/2.46.0/htmlunit-core-js-2.46.0.jar:/home/rafael/.m2/repository/net/sourceforge/htmlunit/neko-htmlunit/2.46.0/neko-htmlunit-2.46.0.jar:/home/rafael/.m2/repository/xerces/xercesImpl/2.12.0/xercesImpl-2.12.0.jar:/home/rafael/.m2/repository/xml-apis/xml-apis/1.4.01/xml-apis-1.4.01.jar:/home/rafael/.m2/repository/net/sourceforge/htmlunit/htmlunit-cssparser/1.7.0/htmlunit-cssparser-1.7.0.jar:/home/rafael/.m2/repository/commons-net/commons-net/3.7.2/commons-net-3.7.2.jar:/home/rafael/.m2/repository/org/brotli/dec/0.1.2/dec-0.1.2.jar:/home/rafael/.m2/repository/com/shapesecurity/salvation2/3.0.0/salvation2-3.0.0.jar:/home/rafael/.m2/repository/org/eclipse/jetty/websocket/websocket-client/9.4.35.v20201120/websocket-client-9.4.35.v20201120.jar:/home/rafael/.m2/repository/org/eclipse/jetty/jetty-client/9.4.35.v20201120/jetty-client-9.4.35.v20201120.jar:/home/rafael/.m2/repository/org/eclipse/jetty/jetty-http/9.4.35.v20201120/jetty-http-9.4.35.v20201120.jar:/home/rafael/.m2/repository/org/eclipse/jetty/jetty-util/9.4.35.v20201120/jetty-util-9.4.35.v20201120.jar:/home/rafael/.m2/repository/org/eclipse/jetty/jetty-io/9.4.35.v20201120/jetty-io-9.4.35.v20201120.jar:/home/rafael/.m2/repository/org/eclipse/jetty/websocket/websocket-common/9.4.35.v20201120/websocket-common-9.4.35.v20201120.jar:/home/rafael/.m2/repository/org/eclipse/jetty/websocket/websocket-api/9.4.35.v20201120/websocket-api-9.4.35.v20201120.jar:/home/rafael/.m2/repository/org/slf4j/slf4j-api/1.7.25/slf4j-api-1.7.25.jar:/home/rafael/.m2/repository/ch/qos/logback/logback-classic/1.2.3/logback-classic-1.2.3.jar:/home/rafael/.m2/repository/ch/qos/logback/logback-core/1.2.3/logback-core-1.2.3.jar:/home/rafael/.m2/repository/com/squareup/retrofit2/retrofit/2.5.0/retrofit-2.5.0.jar:/home/rafael/.m2/repository/com/squareup/retrofit2/adapter-rxjava/2.5.0/adapter-rxjava-2.5.0.jar:/home/rafael/.m2/repository/io/reactivex/rxjava/1.3.0/rxjava-1.3.0.jar:/home/rafael/.m2/repository/com/squareup/retrofit2/converter-gson/2.5.0/converter-gson-2.5.0.jar:/home/rafael/.m2/repository/org/apache/commons/commons-collections4/4.4/commons-collections4-4.4.jar:"/>
    <property name="java.vm.vendor" value="Private Build"/>
    <property name="sun.arch.data.model" value="64"/>
    <property name="java.vendor.url" value="http://java.oracle.com/"/>
    <property name="user.timezone" value=""/>
    <property name="java.vm.specification.version" value="1.8"/>
    <property name="os.name" value="Linux"/>
    <property name="user.country" value="US"/>
    <property name="sun.java.launcher" value="SUN_STANDARD"/>
    <property name="sun.boot.library.path" value="/usr/lib/jvm/java-8-openjdk-amd64/jre/lib/amd64"/>
    <property name="sun.java.command" value="/home/rafael/Desktop/TQS/labs/lab3/ex4/seleniumTest/target/surefire/surefirebooter7832894200187651587.jar /home/rafael/Desktop/TQS/labs/lab3/ex4/seleniumTest/target/surefire 2021-04-08T14-15-02_745-jvmRun1 surefire178352862819484211tmp surefire_07296786515060521174tmp"/>
    <property name="surefire.test.class.path" value="/home/rafael/Desktop/TQS/labs/lab3/ex4/seleniumTest/target/test-classes:/home/rafael/Desktop/TQS/labs/lab3/ex4/seleniumTest/target/classes:/home/rafael/.m2/repository/org/junit/jupiter/junit-jupiter-engine/5.7.1/junit-jupiter-engine-5.7.1.jar:/home/rafael/.m2/repository/org/apiguardian/apiguardian-api/1.1.0/apiguardian-api-1.1.0.jar:/home/rafael/.m2/repository/org/junit/platform/junit-platform-engine/1.7.1/junit-platform-engine-1.7.1.jar:/home/rafael/.m2/repository/org/junit/jupiter/junit-jupiter-api/5.7.1/junit-jupiter-api-5.7.1.jar:/home/rafael/.m2/repository/org/opentest4j/opentest4j/1.2.0/opentest4j-1.2.0.jar:/home/rafael/.m2/repository/org/junit/platform/junit-platform-commons/1.7.1/junit-platform-commons-1.7.1.jar:/home/rafael/.m2/repository/org/junit/vintage/junit-vintage-engine/5.7.1/junit-vintage-engine-5.7.1.jar:/home/rafael/.m2/repository/junit/junit/4.13/junit-4.13.jar:/home/rafael/.m2/repository/org/hamcrest/hamcrest-core/1.3/hamcrest-core-1.3.jar:/home/rafael/.m2/repository/org/seleniumhq/selenium/selenium-firefox-driver/3.141.59/selenium-firefox-driver-3.141.59.jar:/home/rafael/.m2/repository/org/seleniumhq/selenium/selenium-api/3.141.59/selenium-api-3.141.59.jar:/home/rafael/.m2/repository/org/seleniumhq/selenium/selenium-remote-driver/3.141.59/selenium-remote-driver-3.141.59.jar:/home/rafael/.m2/repository/net/bytebuddy/byte-buddy/1.8.15/byte-buddy-1.8.15.jar:/home/rafael/.m2/repository/org/apache/commons/commons-exec/1.3/commons-exec-1.3.jar:/home/rafael/.m2/repository/com/google/guava/guava/25.0-jre/guava-25.0-jre.jar:/home/rafael/.m2/repository/com/google/code/findbugs/jsr305/1.3.9/jsr305-1.3.9.jar:/home/rafael/.m2/repository/org/checkerframework/checker-compat-qual/2.0.0/checker-compat-qual-2.0.0.jar:/home/rafael/.m2/repository/com/google/errorprone/error_prone_annotations/2.1.3/error_prone_annotations-2.1.3.jar:/home/rafael/.m2/repository/com/google/j2objc/j2objc-annotations/1.1/j2objc-annotations-1.1.jar:/home/rafael/.m2/repository/org/codehaus/mojo/animal-sniffer-annotations/1.14/animal-sniffer-annotations-1.14.jar:/home/rafael/.m2/repository/com/squareup/okhttp3/okhttp/3.11.0/okhttp-3.11.0.jar:/home/rafael/.m2/repository/com/squareup/okio/okio/1.14.0/okio-1.14.0.jar:/home/rafael/.m2/repository/io/github/bonigarcia/selenium-jupiter/3.4.0/selenium-jupiter-3.4.0.jar:/home/rafael/.m2/repository/org/seleniumhq/selenium/selenium-java/3.141.59/selenium-java-3.141.59.jar:/home/rafael/.m2/repository/org/seleniumhq/selenium/selenium-chrome-driver/3.141.59/selenium-chrome-driver-3.141.59.jar:/home/rafael/.m2/repository/org/seleniumhq/selenium/selenium-edge-driver/3.141.59/selenium-edge-driver-3.141.59.jar:/home/rafael/.m2/repository/org/seleniumhq/selenium/selenium-ie-driver/3.141.59/selenium-ie-driver-3.141.59.jar:/home/rafael/.m2/repository/org/seleniumhq/selenium/selenium-opera-driver/3.141.59/selenium-opera-driver-3.141.59.jar:/home/rafael/.m2/repository/org/seleniumhq/selenium/selenium-safari-driver/3.141.59/selenium-safari-driver-3.141.59.jar:/home/rafael/.m2/repository/org/seleniumhq/selenium/selenium-support/3.141.59/selenium-support-3.141.59.jar:/home/rafael/.m2/repository/io/github/bonigarcia/webdrivermanager/4.3.1/webdrivermanager-4.3.1.jar:/home/rafael/.m2/repository/commons-io/commons-io/2.8.0/commons-io-2.8.0.jar:/home/rafael/.m2/repository/com/google/code/gson/gson/2.8.6/gson-2.8.6.jar:/home/rafael/.m2/repository/org/apache/commons/commons-lang3/3.11/commons-lang3-3.11.jar:/home/rafael/.m2/repository/org/apache/httpcomponents/client5/httpclient5/5.0.3/httpclient5-5.0.3.jar:/home/rafael/.m2/repository/org/apache/httpcomponents/core5/httpcore5/5.0.2/httpcore5-5.0.2.jar:/home/rafael/.m2/repository/org/apache/httpcomponents/core5/httpcore5-h2/5.0.2/httpcore5-h2-5.0.2.jar:/home/rafael/.m2/repository/commons-codec/commons-codec/1.13/commons-codec-1.13.jar:/home/rafael/.m2/repository/org/rauschig/jarchivelib/1.1.0/jarchivelib-1.1.0.jar:/home/rafael/.m2/repository/org/apache/commons/commons-compress/1.20/commons-compress-1.20.jar:/home/rafael/.m2/repository/org/jsoup/jsoup/1.13.1/jsoup-1.13.1.jar:/home/rafael/.m2/repository/io/appium/java-client/7.4.1/java-client-7.4.1.jar:/home/rafael/.m2/repository/org/apache/httpcomponents/httpclient/4.5.13/httpclient-4.5.13.jar:/home/rafael/.m2/repository/org/apache/httpcomponents/httpcore/4.4.13/httpcore-4.4.13.jar:/home/rafael/.m2/repository/commons-logging/commons-logging/1.2/commons-logging-1.2.jar:/home/rafael/.m2/repository/cglib/cglib/3.3.0/cglib-3.3.0.jar:/home/rafael/.m2/repository/org/ow2/asm/asm/7.1/asm-7.1.jar:/home/rafael/.m2/repository/commons-validator/commons-validator/1.7/commons-validator-1.7.jar:/home/rafael/.m2/repository/commons-beanutils/commons-beanutils/1.9.4/commons-beanutils-1.9.4.jar:/home/rafael/.m2/repository/commons-digester/commons-digester/2.1/commons-digester-2.1.jar:/home/rafael/.m2/repository/commons-collections/commons-collections/3.2.2/commons-collections-3.2.2.jar:/home/rafael/.m2/repository/org/springframework/spring-context/5.3.1/spring-context-5.3.1.jar:/home/rafael/.m2/repository/org/springframework/spring-aop/5.3.1/spring-aop-5.3.1.jar:/home/rafael/.m2/repository/org/springframework/spring-beans/5.3.1/spring-beans-5.3.1.jar:/home/rafael/.m2/repository/org/springframework/spring-core/5.3.1/spring-core-5.3.1.jar:/home/rafael/.m2/repository/org/springframework/spring-jcl/5.3.1/spring-jcl-5.3.1.jar:/home/rafael/.m2/repository/org/springframework/spring-expression/5.3.1/spring-expression-5.3.1.jar:/home/rafael/.m2/repository/org/aspectj/aspectjweaver/1.9.6/aspectjweaver-1.9.6.jar:/home/rafael/.m2/repository/com/github/docker-java/docker-java/3.2.7/docker-java-3.2.7.jar:/home/rafael/.m2/repository/com/github/docker-java/docker-java-core/3.2.7/docker-java-core-3.2.7.jar:/home/rafael/.m2/repository/com/github/docker-java/docker-java-api/3.2.7/docker-java-api-3.2.7.jar:/home/rafael/.m2/repository/com/fasterxml/jackson/core/jackson-annotations/2.10.3/jackson-annotations-2.10.3.jar:/home/rafael/.m2/repository/commons-lang/commons-lang/2.6/commons-lang-2.6.jar:/home/rafael/.m2/repository/com/fasterxml/jackson/core/jackson-databind/2.10.3/jackson-databind-2.10.3.jar:/home/rafael/.m2/repository/com/fasterxml/jackson/core/jackson-core/2.10.3/jackson-core-2.10.3.jar:/home/rafael/.m2/repository/org/bouncycastle/bcpkix-jdk15on/1.64/bcpkix-jdk15on-1.64.jar:/home/rafael/.m2/repository/org/bouncycastle/bcprov-jdk15on/1.64/bcprov-jdk15on-1.64.jar:/home/rafael/.m2/repository/org/slf4j/jcl-over-slf4j/1.7.30/jcl-over-slf4j-1.7.30.jar:/home/rafael/.m2/repository/org/awaitility/awaitility/4.0.1/awaitility-4.0.1.jar:/home/rafael/.m2/repository/org/hamcrest/hamcrest/2.1/hamcrest-2.1.jar:/home/rafael/.m2/repository/com/github/docker-java/docker-java-transport-httpclient5/3.2.7/docker-java-transport-httpclient5-3.2.7.jar:/home/rafael/.m2/repository/com/github/docker-java/docker-java-transport/3.2.7/docker-java-transport-3.2.7.jar:/home/rafael/.m2/repository/net/java/dev/jna/jna/5.5.0/jna-5.5.0.jar:/home/rafael/.m2/repository/com/codeborne/phantomjsdriver/1.4.4/phantomjsdriver-1.4.4.jar:/home/rafael/.m2/repository/com/codeborne/selenide/5.18.0/selenide-5.18.0.jar:/home/rafael/.m2/repository/org/seleniumhq/selenium/htmlunit-driver/2.46.0/htmlunit-driver-2.46.0.jar:/home/rafael/.m2/repository/net/sourceforge/htmlunit/htmlunit/2.46.0/htmlunit-2.46.0.jar:/home/rafael/.m2/repository/xalan/xalan/2.7.2/xalan-2.7.2.jar:/home/rafael/.m2/repository/xalan/serializer/2.7.2/serializer-2.7.2.jar:/home/rafael/.m2/repository/org/apache/commons/commons-text/1.9/commons-text-1.9.jar:/home/rafael/.m2/repository/org/apache/httpcomponents/httpmime/4.5.13/httpmime-4.5.13.jar:/home/rafael/.m2/repository/net/sourceforge/htmlunit/htmlunit-core-js/2.46.0/htmlunit-core-js-2.46.0.jar:/home/rafael/.m2/repository/net/sourceforge/htmlunit/neko-htmlunit/2.46.0/neko-htmlunit-2.46.0.jar:/home/rafael/.m2/repository/xerces/xercesImpl/2.12.0/xercesImpl-2.12.0.jar:/home/rafael/.m2/repository/xml-apis/xml-apis/1.4.01/xml-apis-1.4.01.jar:/home/rafael/.m2/repository/net/sourceforge/htmlunit/htmlunit-cssparser/1.7.0/htmlunit-cssparser-1.7.0.jar:/home/rafael/.m2/repository/commons-net/commons-net/3.7.2/commons-net-3.7.2.jar:/home/rafael/.m2/repository/org/brotli/dec/0.1.2/dec-0.1.2.jar:/home/rafael/.m2/repository/com/shapesecurity/salvation2/3.0.0/salvation2-3.0.0.jar:/home/rafael/.m2/repository/org/eclipse/jetty/websocket/websocket-client/9.4.35.v20201120/websocket-client-9.4.35.v20201120.jar:/home/rafael/.m2/repository/org/eclipse/jetty/jetty-client/9.4.35.v20201120/jetty-client-9.4.35.v20201120.jar:/home/rafael/.m2/repository/org/eclipse/jetty/jetty-http/9.4.35.v20201120/jetty-http-9.4.35.v20201120.jar:/home/rafael/.m2/repository/org/eclipse/jetty/jetty-util/9.4.35.v20201120/jetty-util-9.4.35.v20201120.jar:/home/rafael/.m2/repository/org/eclipse/jetty/jetty-io/9.4.35.v20201120/jetty-io-9.4.35.v20201120.jar:/home/rafael/.m2/repository/org/eclipse/jetty/websocket/websocket-common/9.4.35.v20201120/websocket-common-9.4.35.v20201120.jar:/home/rafael/.m2/repository/org/eclipse/jetty/websocket/websocket-api/9.4.35.v20201120/websocket-api-9.4.35.v20201120.jar:/home/rafael/.m2/repository/org/slf4j/slf4j-api/1.7.25/slf4j-api-1.7.25.jar:/home/rafael/.m2/repository/ch/qos/logback/logback-classic/1.2.3/logback-classic-1.2.3.jar:/home/rafael/.m2/repository/ch/qos/logback/logback-core/1.2.3/logback-core-1.2.3.jar:/home/rafael/.m2/repository/com/squareup/retrofit2/retrofit/2.5.0/retrofit-2.5.0.jar:/home/rafael/.m2/repository/com/squareup/retrofit2/adapter-rxjava/2.5.0/adapter-rxjava-2.5.0.jar:/home/rafael/.m2/repository/io/reactivex/rxjava/1.3.0/rxjava-1.3.0.jar:/home/rafael/.m2/repository/com/squareup/retrofit2/converter-gson/2.5.0/converter-gson-2.5.0.jar:/home/rafael/.m2/repository/org/apache/commons/commons-collections4/4.4/commons-collections4-4.4.jar:"/>
    <property name="sun.cpu.endian" value="little"/>
    <property name="user.home" value="/home/rafael"/>
    <property name="user.language" value="en"/>
    <property name="java.specification.vendor" value="Oracle Corporation"/>
    <property name="java.home" value="/usr/lib/jvm/java-8-openjdk-amd64/jre"/>
    <property name="basedir" value="/home/rafael/Desktop/TQS/labs/lab3/ex4/seleniumTest"/>
    <property name="file.separator" value="/"/>
    <property name="line.separator" value="&#10;"/>
    <property name="java.vm.specification.vendor" value="Oracle Corporation"/>
    <property name="java.specification.name" value="Java Platform API Specification"/>
    <property name="java.awt.graphicsenv" value="sun.awt.X11GraphicsEnvironment"/>
    <property name="surefire.real.class.path" value="/home/rafael/Desktop/TQS/labs/lab3/ex4/seleniumTest/target/surefire/surefirebooter7832894200187651587.jar"/>
    <property name="sun.boot.class.path" value="/usr/lib/jvm/java-8-openjdk-amd64/jre/lib/resources.jar:/usr/lib/jvm/java-8-openjdk-amd64/jre/lib/rt.jar:/usr/lib/jvm/java-8-openjdk-amd64/jre/lib/sunrsasign.jar:/usr/lib/jvm/java-8-openjdk-amd64/jre/lib/jsse.jar:/usr/lib/jvm/java-8-openjdk-amd64/jre/lib/jce.jar:/usr/lib/jvm/java-8-openjdk-amd64/jre/lib/charsets.jar:/usr/lib/jvm/java-8-openjdk-amd64/jre/lib/jfr.jar:/usr/lib/jvm/java-8-openjdk-amd64/jre/classes"/>
    <property name="sun.management.compiler" value="HotSpot 64-Bit Tiered Compilers"/>
    <property name="java.runtime.version" value="1.8.0_282-8u282-b08-0ubuntu1~20.04-b08"/>
    <property name="user.name" value="rafael"/>
    <property name="path.separator" value=":"/>
    <property name="os.version" value="5.4.0-70-generic"/>
    <property name="java.endorsed.dirs" value="/usr/lib/jvm/java-8-openjdk-amd64/jre/lib/endorsed"/>
    <property name="java.runtime.name" value="OpenJDK Runtime Environment"/>
    <property name="file.encoding" value="UTF-8"/>
    <property name="java.vm.name" value="OpenJDK 64-Bit Server VM"/>
    <property name="localRepository" value="/home/rafael/.m2/repository"/>
    <property name="java.vendor.url.bug" value="http://bugreport.sun.com/bugreport/"/>
    <property name="java.io.tmpdir" value="/tmp"/>
    <property name="java.version" value="1.8.0_282"/>
    <property name="user.dir" value="/home/rafael/Desktop/TQS/labs/lab3/ex4/seleniumTest"/>
    <property name="os.arch" value="amd64"/>
    <property name="java.vm.specification.name" value="Java Virtual Machine Specification"/>
    <property name="java.awt.printerjob" value="sun.print.PSPrinterJob"/>
    <property name="sun.os.patch.level" value="unknown"/>
    <property name="java.library.path" value="/usr/java/packages/lib/amd64:/usr/lib/x86_64-linux-gnu/jni:/lib/x86_64-linux-gnu:/usr/lib/x86_64-linux-gnu:/usr/lib/jni:/lib:/usr/lib"/>
    <property name="java.vm.info" value="mixed mode"/>
    <property name="java.vendor" value="Private Build"/>
    <property name="java.vm.version" value="25.282-b08"/>
    <property name="java.ext.dirs" value="/usr/lib/jvm/java-8-openjdk-amd64/jre/lib/ext:/usr/java/packages/lib/ext"/>
    <property name="sun.io.unicode.encoding" value="UnicodeLittle"/>
    <property name="java.class.version" value="52.0"/>
  </properties>
  <testcase name="untitled" classname="UntitledTest" time="2.906">
    <error message="Unable to locate element: .\_3Tzn-Ksn:nth-child(1) &gt; .\_1bcYCljm&#10;For documentation on this error, please visit: https://www.seleniumhq.org/exceptions/no_such_element.html&#10;Build info: version: &apos;3.141.59&apos;, revision: &apos;e82be7d358&apos;, time: &apos;2018-11-14T08:17:03&apos;&#10;System info: host: &apos;rafael&apos;, ip: &apos;127.0.1.1&apos;, os.name: &apos;Linux&apos;, os.arch: &apos;amd64&apos;, os.version: &apos;5.4.0-70-generic&apos;, java.version: &apos;1.8.0_282&apos;&#10;Driver info: org.openqa.selenium.firefox.FirefoxDriver&#10;Capabilities {acceptInsecureCerts: true, browserName: firefox, browserVersion: 87.0, javascriptEnabled: true, moz:accessibilityChecks: false, moz:buildID: 20210318103112, moz:geckodriverVersion: 0.29.0, moz:headless: false, moz:processID: 59573, moz:profile: /tmp/rust_mozprofileURYqsc, moz:shutdownTimeout: 60000, moz:useNonSpecCompliantPointerOrigin: false, moz:webdriverClick: true, pageLoadStrategy: normal, platform: LINUX, platformName: LINUX, platformVersion: 5.4.0-70-generic, rotatable: false, setWindowRect: true, strictFileInteractability: false, timeouts: {implicit: 0, pageLoad: 300000, script: 30000}, unhandledPromptBehavior: dismiss and notify}&#10;Session ID: 4df89c34-0be2-4cb3-bcc8-a6ac4cb8bab8&#10;*** Element info: {Using=css selector, value=.\_3Tzn-Ksn:nth-child(1) &gt; .\_1bcYCljm}" type="org.openqa.selenium.NoSuchElementException">org.openqa.selenium.NoSuchElementException: 
Unable to locate element: .\_3Tzn-Ksn:nth-child(1) > .\_1bcYCljm
For documentation on this error, please visit: https://www.seleniumhq.org/exceptions/no_such_element.html
Build info: version: '3.141.59', revision: 'e82be7d358', time: '2018-11-14T08:17:03'
System info: host: 'rafael', ip: '127.0.1.1', os.name: 'Linux', os.arch: 'amd64', os.version: '5.4.0-70-generic', java.version: '1.8.0_282'
Driver info: org.openqa.selenium.firefox.FirefoxDriver
Capabilities {acceptInsecureCerts: true, browserName: firefox, browserVersion: 87.0, javascriptEnabled: true, moz:accessibilityChecks: false, moz:buildID: 20210318103112, moz:geckodriverVersion: 0.29.0, moz:headless: false, moz:processID: 59573, moz:profile: /tmp/rust_mozprofileURYqsc, moz:shutdownTimeout: 60000, moz:useNonSpecCompliantPointerOrigin: false, moz:webdriverClick: true, pageLoadStrategy: normal, platform: LINUX, platformName: LINUX, platformVersion: 5.4.0-70-generic, rotatable: false, setWindowRect: true, strictFileInteractability: false, timeouts: {implicit: 0, pageLoad: 300000, script: 30000}, unhandledPromptBehavior: dismiss and notify}
Session ID: 4df89c34-0be2-4cb3-bcc8-a6ac4cb8bab8
*** Element info: {Using=css selector, value=.\_3Tzn-Ksn:nth-child(1) > .\_1bcYCljm}
	at UntitledTest.untitled(UntitledTest.java:43)
</error>
    <system-err><![CDATA[1617887712305	geckodriver	INFO	Listening on 127.0.0.1:28836
1617887712317	mozrunner::runner	INFO	Running command: "/usr/lib/firefox/firefox" "--marionette" "-foreground" "-no-remote" "-profile" "/tmp/rust_mozprofileURYqsc"
console.warn: SearchSettings: "get: No settings file exists, new profile?" (new Error("", "(unknown module)"))
1617887714131	Marionette	INFO	Listening on port 39483
1617887714232	Marionette	WARN	TLS certificate errors will be ignored for this session
Apr 08, 2021 2:15:14 PM org.openqa.selenium.remote.ProtocolHandshake createSession
INFO: Detected dialect: W3C
1617887714790	Marionette	INFO	Stopped listening on port 39483
]]></system-err>
  </testcase>
</testsuite>